{"/Users/wangbinlin/Project/daily_exercise/du-cli/packages/launcher/src/app.tsx": {"path":"/Users/wangbinlin/Project/daily_exercise/du-cli/packages/launcher/src/app.tsx","statementMap":{"0":{"start":{"line":1,"column":0},"end":{"line":1,"column":33}},"1":{"start":{"line":2,"column":0},"end":{"line":2,"column":34}},"2":{"start":{"line":4,"column":0},"end":{"line":4,"column":52}},"3":{"start":{"line":5,"column":0},"end":{"line":5,"column":77}},"4":{"start":{"line":57,"column":8},"end":{"line":57,"column":30}},"5":{"start":{"line":69,"column":12},"end":{"line":69,"column":24}},"6":{"start":{"line":71,"column":34},"end":{"line":71,"column":38}},"7":{"start":{"line":73,"column":8},"end":{"line":80,"column":null}},"8":{"start":{"line":74,"column":12},"end":{"line":74,"column":83}},"9":{"start":{"line":75,"column":12},"end":{"line":77,"column":null}},"10":{"start":{"line":76,"column":16},"end":{"line":76,"column":28}},"11":{"start":{"line":79,"column":12},"end":{"line":79,"column":32}},"12":{"start":{"line":82,"column":8},"end":{"line":90,"column":10}},"13":{"start":{"line":95,"column":8},"end":{"line":98,"column":11}},"14":{"start":{"line":53,"column":0},"end":{"line":53,"column":null}}},"fnMap":{"0":{"name":"(anonymous_7)","decl":{"start":{"line":56,"column":4},"end":{"line":56,"column":16}},"loc":{"start":{"line":56,"column":46},"end":{"line":58,"column":5}}},"1":{"name":"(anonymous_8)","decl":{"start":{"line":60,"column":4},"end":{"line":60,"column":9}},"loc":{"start":{"line":60,"column":9},"end":{"line":91,"column":5}}},"2":{"name":"(anonymous_9)","decl":{"start":{"line":94,"column":4},"end":{"line":94,"column":7}},"loc":{"start":{"line":94,"column":39},"end":{"line":99,"column":5}}}},"branchMap":{"0":{"loc":{"start":{"line":68,"column":23},"end":{"line":68,"column":30}},"type":"default-arg","locations":[{"start":{"line":68,"column":23},"end":{"line":68,"column":30}}]},"1":{"loc":{"start":{"line":73,"column":8},"end":{"line":80,"column":null}},"type":"if","locations":[{"start":{"line":73,"column":8},"end":{"line":80,"column":null}},{"start":{"line":73,"column":8},"end":{"line":80,"column":null}}]},"2":{"loc":{"start":{"line":73,"column":12},"end":{"line":73,"column":25}},"type":"binary-expr","locations":[{"start":{"line":73,"column":12},"end":{"line":73,"column":25}},{"start":{"line":73,"column":29},"end":{"line":73,"column":37}},{"start":{"line":73,"column":41},"end":{"line":73,"column":75}}]},"3":{"loc":{"start":{"line":75,"column":12},"end":{"line":77,"column":null}},"type":"if","locations":[{"start":{"line":75,"column":12},"end":{"line":77,"column":null}},{"start":{"line":75,"column":12},"end":{"line":77,"column":null}}]}},"s":{"0":1,"1":1,"2":1,"3":1,"4":0,"5":0,"6":0,"7":0,"8":0,"9":0,"10":0,"11":0,"12":0,"13":0,"14":1},"f":{"0":0,"1":0,"2":0},"b":{"0":[0],"1":[0,0],"2":[0,0,0],"3":[0,0]}}
,"/Users/wangbinlin/Project/daily_exercise/du-cli/packages/launcher/src/index.ts": {"path":"/Users/wangbinlin/Project/daily_exercise/du-cli/packages/launcher/src/index.ts","statementMap":{"0":{"start":{"line":1,"column":0},"end":{"line":1,"column":9}},"1":{"start":{"line":1,"column":9},"end":{"line":1,"column":32}},"2":{"start":{"line":2,"column":0},"end":{"line":2,"column":9}},"3":{"start":{"line":2,"column":9},"end":{"line":2,"column":40}},"4":{"start":{"line":3,"column":0},"end":{"line":3,"column":33}},"5":{"start":{"line":4,"column":0},"end":{"line":4,"column":29}},"6":{"start":{"line":5,"column":0},"end":{"line":5,"column":28}},"7":{"start":{"line":6,"column":0},"end":{"line":6,"column":22}},"8":{"start":{"line":7,"column":0},"end":{"line":7,"column":22}},"9":{"start":{"line":8,"column":0},"end":{"line":8,"column":24}}},"fnMap":{"0":{"name":"(anonymous_5)","decl":{"start":{"line":1,"column":9},"end":{"line":1,"column":16}},"loc":{"start":{"line":1,"column":9},"end":{"line":1,"column":32}}},"1":{"name":"(anonymous_6)","decl":{"start":{"line":2,"column":9},"end":{"line":2,"column":22}},"loc":{"start":{"line":2,"column":9},"end":{"line":2,"column":40}}}},"branchMap":{},"s":{"0":1,"1":1,"2":1,"3":1,"4":1,"5":1,"6":1,"7":1,"8":1,"9":1},"f":{"0":0,"1":0},"b":{}}
,"/Users/wangbinlin/Project/daily_exercise/du-cli/packages/launcher/src/wrapperInit.tsx": {"path":"/Users/wangbinlin/Project/daily_exercise/du-cli/packages/launcher/src/wrapperInit.tsx","statementMap":{"0":{"start":{"line":1,"column":0},"end":{"line":1,"column":69}},"1":{"start":{"line":2,"column":0},"end":{"line":2,"column":51}},"2":{"start":{"line":3,"column":0},"end":{"line":3,"column":39}},"3":{"start":{"line":4,"column":0},"end":{"line":4,"column":57}},"4":{"start":{"line":42,"column":30},"end":{"line":42,"column":32}},"5":{"start":{"line":44,"column":13},"end":{"line":44,"column":48}},"6":{"start":{"line":47,"column":33},"end":{"line":47,"column":37}},"7":{"start":{"line":48,"column":36},"end":{"line":48,"column":42}},"8":{"start":{"line":50,"column":4},"end":{"line":50,"column":23}},"9":{"start":{"line":51,"column":28},"end":{"line":51,"column":41}},"10":{"start":{"line":53,"column":4},"end":{"line":55,"column":null}},"11":{"start":{"line":54,"column":8},"end":{"line":54,"column":46}},"12":{"start":{"line":56,"column":4},"end":{"line":58,"column":null}},"13":{"start":{"line":57,"column":8},"end":{"line":57,"column":49}},"14":{"start":{"line":46,"column":0},"end":{"line":46,"column":16}},"15":{"start":{"line":60,"column":23},"end":{"line":83,"column":1}},"16":{"start":{"line":65,"column":18},"end":{"line":65,"column":26}},"17":{"start":{"line":67,"column":4},"end":{"line":80,"column":7}},"18":{"start":{"line":68,"column":32},"end":{"line":68,"column":36}},"19":{"start":{"line":69,"column":30},"end":{"line":69,"column":42}},"20":{"start":{"line":71,"column":8},"end":{"line":79,"column":null}},"21":{"start":{"line":72,"column":12},"end":{"line":78,"column":null}},"22":{"start":{"line":74,"column":16},"end":{"line":74,"column":61}},"23":{"start":{"line":77,"column":16},"end":{"line":77,"column":81}},"24":{"start":{"line":82,"column":4},"end":{"line":82,"column":19}},"25":{"start":{"line":85,"column":34},"end":{"line":86,"column":43}},"26":{"start":{"line":86,"column":4},"end":{"line":86,"column":43}},"27":{"start":{"line":88,"column":21},"end":{"line":104,"column":1}},"28":{"start":{"line":89,"column":19},"end":{"line":89,"column":52}},"29":{"start":{"line":90,"column":19},"end":{"line":90,"column":22}},"30":{"start":{"line":92,"column":4},"end":{"line":94,"column":null}},"31":{"start":{"line":93,"column":8},"end":{"line":93,"column":34}},"32":{"start":{"line":95,"column":4},"end":{"line":95,"column":39}},"33":{"start":{"line":97,"column":16},"end":{"line":100,"column":null}},"34":{"start":{"line":98,"column":8},"end":{"line":99,"column":null}},"35":{"start":{"line":103,"column":4},"end":{"line":103,"column":19}},"36":{"start":{"line":106,"column":20},"end":{"line":120,"column":1}},"37":{"start":{"line":112,"column":25},"end":{"line":112,"column":71}},"38":{"start":{"line":113,"column":25},"end":{"line":113,"column":62}},"39":{"start":{"line":115,"column":4},"end":{"line":117,"column":null}},"40":{"start":{"line":116,"column":8},"end":{"line":116,"column":65}},"41":{"start":{"line":119,"column":4},"end":{"line":119,"column":24}},"42":{"start":{"line":122,"column":0},"end":{"line":122,"column":27}}},"fnMap":{"0":{"name":"pluginsRegistry","decl":{"start":{"line":46,"column":16},"end":{"line":46,"column":31}},"loc":{"start":{"line":46,"column":48},"end":{"line":59,"column":1}}},"1":{"name":"(anonymous_2)","decl":{"start":{"line":60,"column":23},"end":{"line":60,"column":null}},"loc":{"start":{"line":64,"column":18},"end":{"line":83,"column":1}}},"2":{"name":"(anonymous_3)","decl":{"start":{"line":67,"column":20},"end":{"line":67,"column":24}},"loc":{"start":{"line":67,"column":27},"end":{"line":80,"column":5}}},"3":{"name":"(anonymous_4)","decl":{"start":{"line":85,"column":34},"end":{"line":85,"column":35}},"loc":{"start":{"line":86,"column":4},"end":{"line":86,"column":43}}},"4":{"name":"(anonymous_5)","decl":{"start":{"line":88,"column":21},"end":{"line":88,"column":22}},"loc":{"start":{"line":88,"column":95},"end":{"line":104,"column":1}}},"5":{"name":"(anonymous_6)","decl":{"start":{"line":97,"column":16},"end":{"line":97,"column":19}},"loc":{"start":{"line":98,"column":8},"end":{"line":99,"column":null}}},"6":{"name":"(anonymous_7)","decl":{"start":{"line":106,"column":20},"end":{"line":106,"column":21}},"loc":{"start":{"line":111,"column":40},"end":{"line":120,"column":1}}}},"branchMap":{"0":{"loc":{"start":{"line":47,"column":26},"end":{"line":47,"column":28}},"type":"default-arg","locations":[{"start":{"line":47,"column":26},"end":{"line":47,"column":28}}]},"1":{"loc":{"start":{"line":53,"column":4},"end":{"line":55,"column":null}},"type":"if","locations":[{"start":{"line":53,"column":4},"end":{"line":55,"column":null}},{"start":{"line":53,"column":4},"end":{"line":55,"column":null}}]},"2":{"loc":{"start":{"line":56,"column":4},"end":{"line":58,"column":null}},"type":"if","locations":[{"start":{"line":56,"column":4},"end":{"line":58,"column":null}},{"start":{"line":56,"column":4},"end":{"line":58,"column":null}}]},"3":{"loc":{"start":{"line":71,"column":8},"end":{"line":79,"column":null}},"type":"if","locations":[{"start":{"line":71,"column":8},"end":{"line":79,"column":null}},{"start":{"line":71,"column":8},"end":{"line":79,"column":null}}]},"4":{"loc":{"start":{"line":72,"column":12},"end":{"line":78,"column":null}},"type":"if","locations":[{"start":{"line":72,"column":12},"end":{"line":78,"column":null}},{"start":{"line":72,"column":12},"end":{"line":78,"column":null}}]},"5":{"loc":{"start":{"line":89,"column":26},"end":{"line":89,"column":36}},"type":"cond-expr","locations":[{"start":{"line":89,"column":26},"end":{"line":89,"column":36}},{"start":{"line":89,"column":39},"end":{"line":89,"column":52}}]},"6":{"loc":{"start":{"line":92,"column":4},"end":{"line":94,"column":null}},"type":"if","locations":[{"start":{"line":92,"column":4},"end":{"line":94,"column":null}},{"start":{"line":92,"column":4},"end":{"line":94,"column":null}}]},"7":{"loc":{"start":{"line":115,"column":4},"end":{"line":117,"column":null}},"type":"if","locations":[{"start":{"line":115,"column":4},"end":{"line":117,"column":null}},{"start":{"line":115,"column":4},"end":{"line":117,"column":null}}]}},"s":{"0":1,"1":1,"2":1,"3":1,"4":1,"5":1,"6":0,"7":0,"8":0,"9":0,"10":0,"11":0,"12":0,"13":0,"14":1,"15":1,"16":0,"17":0,"18":0,"19":0,"20":0,"21":0,"22":0,"23":0,"24":0,"25":1,"26":0,"27":1,"28":0,"29":0,"30":0,"31":0,"32":0,"33":0,"34":0,"35":0,"36":1,"37":0,"38":0,"39":0,"40":0,"41":0,"42":1},"f":{"0":0,"1":0,"2":0,"3":0,"4":0,"5":0,"6":0},"b":{"0":[0],"1":[0,0],"2":[0,0],"3":[0,0],"4":[0,0],"5":[0,0],"6":[0,0],"7":[0,0]}}
,"/Users/wangbinlin/Project/daily_exercise/du-cli/packages/launcher/src/hooks/index.ts": {"path":"/Users/wangbinlin/Project/daily_exercise/du-cli/packages/launcher/src/hooks/index.ts","statementMap":{"0":{"start":{"line":1,"column":0},"end":{"line":1,"column":7}},"1":{"start":{"line":4,"column":9},"end":{"line":1,"column":37}},"2":{"start":{"line":2,"column":0},"end":{"line":2,"column":7}},"3":{"start":{"line":4,"column":20},"end":{"line":2,"column":35}}},"fnMap":{},"branchMap":{},"s":{"0":1,"1":1,"2":1,"3":1},"f":{},"b":{}}
,"/Users/wangbinlin/Project/daily_exercise/du-cli/packages/launcher/src/hooks/use-query.ts": {"path":"/Users/wangbinlin/Project/daily_exercise/du-cli/packages/launcher/src/hooks/use-query.ts","statementMap":{"0":{"start":{"line":1,"column":0},"end":{"line":1,"column":32}},"1":{"start":{"line":2,"column":0},"end":{"line":2,"column":47}},"2":{"start":{"line":3,"column":0},"end":{"line":3,"column":27}},"3":{"start":{"line":7,"column":38},"end":{"line":10,"column":1}},"4":{"start":{"line":9,"column":4},"end":{"line":9,"column":88}},"5":{"start":{"line":13,"column":23},"end":{"line":13,"column":36}},"6":{"start":{"line":15,"column":4},"end":{"line":15,"column":56}},"7":{"start":{"line":15,"column":25},"end":{"line":15,"column":44}},"8":{"start":{"line":18,"column":0},"end":{"line":18,"column":24}}},"fnMap":{"0":{"name":"(anonymous_0)","decl":{"start":{"line":7,"column":38},"end":{"line":7,"column":44}},"loc":{"start":{"line":7,"column":47},"end":{"line":10,"column":1}}},"1":{"name":"useQuery","decl":{"start":{"line":12,"column":9},"end":{"line":12,"column":17}},"loc":{"start":{"line":12,"column":17},"end":{"line":16,"column":1}}},"2":{"name":"(anonymous_2)","decl":{"start":{"line":15,"column":19},"end":{"line":15,"column":22}},"loc":{"start":{"line":15,"column":25},"end":{"line":15,"column":44}}}},"branchMap":{"0":{"loc":{"start":{"line":9,"column":20},"end":{"line":9,"column":82}},"type":"cond-expr","locations":[{"start":{"line":9,"column":20},"end":{"line":9,"column":82}},{"start":{"line":9,"column":85},"end":{"line":9,"column":87}}]},"1":{"loc":{"start":{"line":9,"column":53},"end":{"line":9,"column":72}},"type":"cond-expr","locations":[{"start":{"line":9,"column":53},"end":{"line":9,"column":72}},{"start":{"line":9,"column":75},"end":{"line":9,"column":81}}]}},"s":{"0":1,"1":1,"2":1,"3":1,"4":1,"5":1,"6":1,"7":1,"8":1},"f":{"0":1,"1":1,"2":1},"b":{"0":[1,0],"1":[1,0]}}
,"/Users/wangbinlin/Project/daily_exercise/du-cli/packages/launcher/src/hooks/use-router.ts": {"path":"/Users/wangbinlin/Project/daily_exercise/du-cli/packages/launcher/src/hooks/use-router.ts","statementMap":{"0":{"start":{"line":1,"column":0},"end":{"line":1,"column":45}},"1":{"start":{"line":2,"column":0},"end":{"line":2,"column":47}},"2":{"start":{"line":3,"column":0},"end":{"line":3,"column":58}},"3":{"start":{"line":13,"column":21},"end":{"line":13,"column":34}},"4":{"start":{"line":15,"column":21},"end":{"line":24,"column":null}},"5":{"start":{"line":17,"column":29},"end":{"line":17,"column":55}},"6":{"start":{"line":18,"column":31},"end":{"line":18,"column":76}},"7":{"start":{"line":20,"column":12},"end":{"line":22,"column":15}},"8":{"start":{"line":27,"column":24},"end":{"line":37,"column":null}},"9":{"start":{"line":29,"column":29},"end":{"line":29,"column":55}},"10":{"start":{"line":30,"column":31},"end":{"line":30,"column":76}},"11":{"start":{"line":32,"column":12},"end":{"line":35,"column":15}},"12":{"start":{"line":40,"column":4},"end":{"line":46,"column":6}},"13":{"start":{"line":41,"column":15},"end":{"line":44,"column":10}},"14":{"start":{"line":49,"column":0},"end":{"line":49,"column":25}}},"fnMap":{"0":{"name":"useRouter","decl":{"start":{"line":12,"column":9},"end":{"line":12,"column":18}},"loc":{"start":{"line":12,"column":18},"end":{"line":47,"column":1}}},"1":{"name":"(anonymous_1)","decl":{"start":{"line":16,"column":8},"end":{"line":16,"column":9}},"loc":{"start":{"line":16,"column":49},"end":{"line":23,"column":9}}},"2":{"name":"(anonymous_2)","decl":{"start":{"line":28,"column":8},"end":{"line":28,"column":9}},"loc":{"start":{"line":28,"column":49},"end":{"line":36,"column":9}}},"3":{"name":"(anonymous_3)","decl":{"start":{"line":41,"column":8},"end":{"line":41,"column":11}},"loc":{"start":{"line":41,"column":15},"end":{"line":44,"column":10}}}},"branchMap":{"0":{"loc":{"start":{"line":18,"column":54},"end":{"line":18,"column":69}},"type":"cond-expr","locations":[{"start":{"line":18,"column":54},"end":{"line":18,"column":69}},{"start":{"line":18,"column":72},"end":{"line":18,"column":76}}]},"1":{"loc":{"start":{"line":30,"column":54},"end":{"line":30,"column":69}},"type":"cond-expr","locations":[{"start":{"line":30,"column":54},"end":{"line":30,"column":69}},{"start":{"line":30,"column":72},"end":{"line":30,"column":76}}]}},"s":{"0":1,"1":1,"2":1,"3":0,"4":0,"5":0,"6":0,"7":0,"8":0,"9":0,"10":0,"11":0,"12":0,"13":0,"14":1},"f":{"0":0,"1":0,"2":0,"3":0},"b":{"0":[0,0],"1":[0,0]}}
,"/Users/wangbinlin/Project/daily_exercise/du-cli/packages/launcher/src/router/loading.tsx": {"path":"/Users/wangbinlin/Project/daily_exercise/du-cli/packages/launcher/src/router/loading.tsx","statementMap":{"0":{"start":{"line":2,"column":4},"end":{"line":2,"column":19}},"1":{"start":{"line":5,"column":0},"end":{"line":5,"column":29}}},"fnMap":{"0":{"name":"RouterLoading","decl":{"start":{"line":1,"column":9},"end":{"line":1,"column":22}},"loc":{"start":{"line":1,"column":22},"end":{"line":3,"column":1}}}},"branchMap":{},"s":{"0":0,"1":1},"f":{"0":0},"b":{}}
,"/Users/wangbinlin/Project/daily_exercise/du-cli/packages/launcher/src/router/render-routers.tsx": {"path":"/Users/wangbinlin/Project/daily_exercise/du-cli/packages/launcher/src/router/render-routers.tsx","statementMap":{"0":{"start":{"line":2,"column":0},"end":{"line":2,"column":51}},"1":{"start":{"line":3,"column":0},"end":{"line":3,"column":38}},"2":{"start":{"line":4,"column":0},"end":{"line":4,"column":32}},"3":{"start":{"line":5,"column":0},"end":{"line":5,"column":43}},"4":{"start":{"line":6,"column":0},"end":{"line":6,"column":58}},"5":{"start":{"line":13,"column":21},"end":{"line":52,"column":1}},"6":{"start":{"line":17,"column":4},"end":{"line":19,"column":null}},"7":{"start":{"line":18,"column":8},"end":{"line":18,"column":18}},"8":{"start":{"line":21,"column":4},"end":{"line":51,"column":7}},"9":{"start":{"line":22,"column":69},"end":{"line":22,"column":73}},"10":{"start":{"line":25,"column":8},"end":{"line":32,"column":null}},"11":{"start":{"line":26,"column":29},"end":{"line":26,"column":55}},"12":{"start":{"line":27,"column":33},"end":{"line":27,"column":90}},"13":{"start":{"line":28,"column":22},"end":{"line":28,"column":52}},"14":{"start":{"line":31,"column":12},"end":{"line":31,"column":68}},"15":{"start":{"line":33,"column":18},"end":{"line":33,"column":27}},"16":{"start":{"line":35,"column":8},"end":{"line":40,"column":null}},"17":{"start":{"line":36,"column":12},"end":{"line":39,"column":15}},"18":{"start":{"line":41,"column":18},"end":{"line":41,"column":38}},"19":{"start":{"line":43,"column":12},"end":{"line":44,"column":null}},"20":{"start":{"line":47,"column":35},"end":{"line":47,"column":67}},"21":{"start":{"line":50,"column":8},"end":{"line":50,"column":91}},"22":{"start":{"line":57,"column":21},"end":{"line":66,"column":1}},"23":{"start":{"line":61,"column":4},"end":{"line":65,"column":6}},"24":{"start":{"line":68,"column":0},"end":{"line":68,"column":28}}},"fnMap":{"0":{"name":"(anonymous_1)","decl":{"start":{"line":13,"column":21},"end":{"line":13,"column":null}},"loc":{"start":{"line":16,"column":22},"end":{"line":52,"column":1}}},"1":{"name":"(anonymous_2)","decl":{"start":{"line":21,"column":23},"end":{"line":21,"column":27}},"loc":{"start":{"line":21,"column":30},"end":{"line":51,"column":5}}},"2":{"name":"(anonymous_3)","decl":{"start":{"line":57,"column":21},"end":{"line":57,"column":null}},"loc":{"start":{"line":60,"column":4},"end":{"line":66,"column":1}}}},"branchMap":{"0":{"loc":{"start":{"line":17,"column":4},"end":{"line":19,"column":null}},"type":"if","locations":[{"start":{"line":17,"column":4},"end":{"line":19,"column":null}},{"start":{"line":17,"column":4},"end":{"line":19,"column":null}}]},"1":{"loc":{"start":{"line":25,"column":8},"end":{"line":32,"column":null}},"type":"if","locations":[{"start":{"line":25,"column":8},"end":{"line":32,"column":null}},{"start":{"line":25,"column":8},"end":{"line":32,"column":null}}]},"2":{"loc":{"start":{"line":25,"column":12},"end":{"line":25,"column":22}},"type":"binary-expr","locations":[{"start":{"line":25,"column":12},"end":{"line":25,"column":22}},{"start":{"line":25,"column":26},"end":{"line":25,"column":34}}]},"3":{"loc":{"start":{"line":27,"column":60},"end":{"line":27,"column":79}},"type":"cond-expr","locations":[{"start":{"line":27,"column":60},"end":{"line":27,"column":79}},{"start":{"line":27,"column":82},"end":{"line":27,"column":90}}]},"4":{"loc":{"start":{"line":35,"column":8},"end":{"line":40,"column":null}},"type":"if","locations":[{"start":{"line":35,"column":8},"end":{"line":40,"column":null}},{"start":{"line":35,"column":8},"end":{"line":40,"column":null}}]}},"s":{"0":1,"1":1,"2":1,"3":1,"4":1,"5":1,"6":0,"7":0,"8":0,"9":0,"10":0,"11":0,"12":0,"13":0,"14":0,"15":0,"16":0,"17":0,"18":0,"19":0,"20":0,"21":0,"22":1,"23":0,"24":1},"f":{"0":0,"1":0,"2":0},"b":{"0":[0,0],"1":[0,0],"2":[0,0],"3":[0,0],"4":[0,0]}}
,"/Users/wangbinlin/Project/daily_exercise/du-cli/packages/launcher/src/router/wrapper-route.tsx": {"path":"/Users/wangbinlin/Project/daily_exercise/du-cli/packages/launcher/src/router/wrapper-route.tsx","statementMap":{"0":{"start":{"line":1,"column":0},"end":{"line":1,"column":34}},"1":{"start":{"line":2,"column":0},"end":{"line":2,"column":77}},"2":{"start":{"line":3,"column":0},"end":{"line":3,"column":58}},"3":{"start":{"line":10,"column":51},"end":{"line":10,"column":71}},"4":{"start":{"line":11,"column":25},"end":{"line":11,"column":38}},"5":{"start":{"line":12,"column":21},"end":{"line":12,"column":34}},"6":{"start":{"line":14,"column":4},"end":{"line":24,"column":72}},"7":{"start":{"line":15,"column":8},"end":{"line":17,"column":null}},"8":{"start":{"line":16,"column":12},"end":{"line":16,"column":35}},"9":{"start":{"line":18,"column":8},"end":{"line":23,"column":null}},"10":{"start":{"line":19,"column":29},"end":{"line":19,"column":55}},"11":{"start":{"line":20,"column":33},"end":{"line":20,"column":90}},"12":{"start":{"line":22,"column":12},"end":{"line":22,"column":35}},"13":{"start":{"line":26,"column":4},"end":{"line":26,"column":20}},"14":{"start":{"line":29,"column":0},"end":{"line":29,"column":28}}},"fnMap":{"0":{"name":"WrapperRoute","decl":{"start":{"line":9,"column":9},"end":{"line":9,"column":21}},"loc":{"start":{"line":9,"column":70},"end":{"line":27,"column":1}}},"1":{"name":"(anonymous_1)","decl":{"start":{"line":14,"column":14},"end":{"line":14,"column":17}},"loc":{"start":{"line":14,"column":19},"end":{"line":24,"column":5}}}},"branchMap":{"0":{"loc":{"start":{"line":15,"column":8},"end":{"line":17,"column":null}},"type":"if","locations":[{"start":{"line":15,"column":8},"end":{"line":17,"column":null}},{"start":{"line":15,"column":8},"end":{"line":17,"column":null}}]},"1":{"loc":{"start":{"line":18,"column":8},"end":{"line":23,"column":null}},"type":"if","locations":[{"start":{"line":18,"column":8},"end":{"line":23,"column":null}},{"start":{"line":18,"column":8},"end":{"line":23,"column":null}}]},"2":{"loc":{"start":{"line":18,"column":12},"end":{"line":18,"column":49}},"type":"binary-expr","locations":[{"start":{"line":18,"column":12},"end":{"line":18,"column":49}},{"start":{"line":18,"column":53},"end":{"line":18,"column":61}}]},"3":{"loc":{"start":{"line":20,"column":60},"end":{"line":20,"column":79}},"type":"cond-expr","locations":[{"start":{"line":20,"column":60},"end":{"line":20,"column":79}},{"start":{"line":20,"column":82},"end":{"line":20,"column":90}}]}},"s":{"0":1,"1":1,"2":1,"3":0,"4":0,"5":0,"6":0,"7":0,"8":0,"9":0,"10":0,"11":0,"12":0,"13":0,"14":1},"f":{"0":0,"1":0},"b":{"0":[0,0],"1":[0,0],"2":[0,0],"3":[0,0]}}
,"/Users/wangbinlin/Project/daily_exercise/du-cli/packages/launcher/src/store/index.ts": {"path":"/Users/wangbinlin/Project/daily_exercise/du-cli/packages/launcher/src/store/index.ts","statementMap":{"0":{"start":{"line":1,"column":0},"end":{"line":1,"column":32}},"1":{"start":{"line":2,"column":0},"end":{"line":2,"column":99}},"2":{"start":{"line":3,"column":0},"end":{"line":3,"column":37}},"3":{"start":{"line":4,"column":0},"end":{"line":4,"column":47}},"4":{"start":{"line":11,"column":28},"end":{"line":13,"column":1}},"5":{"start":{"line":12,"column":4},"end":{"line":12,"column":14}},"6":{"start":{"line":11,"column":13},"end":{"line":11,"column":28}},"7":{"start":{"line":43,"column":29},"end":{"line":63,"column":1}},"8":{"start":{"line":44,"column":38},"end":{"line":44,"column":40}},"9":{"start":{"line":46,"column":4},"end":{"line":60,"column":null}},"10":{"start":{"line":47,"column":8},"end":{"line":59,"column":null}},"11":{"start":{"line":48,"column":28},"end":{"line":48,"column":46}},"12":{"start":{"line":51,"column":12},"end":{"line":58,"column":14}},"13":{"start":{"line":52,"column":59},"end":{"line":52,"column":66}},"14":{"start":{"line":53,"column":35},"end":{"line":53,"column":50}},"15":{"start":{"line":55,"column":16},"end":{"line":55,"column":85}},"16":{"start":{"line":57,"column":16},"end":{"line":57,"column":34}},"17":{"start":{"line":62,"column":4},"end":{"line":62,"column":18}},"18":{"start":{"line":43,"column":13},"end":{"line":43,"column":29}},"19":{"start":{"line":65,"column":20},"end":{"line":77,"column":1}},"20":{"start":{"line":66,"column":33},"end":{"line":66,"column":35}},"21":{"start":{"line":68,"column":4},"end":{"line":74,"column":null}},"22":{"start":{"line":69,"column":8},"end":{"line":73,"column":null}},"23":{"start":{"line":70,"column":12},"end":{"line":72,"column":14}},"24":{"start":{"line":71,"column":16},"end":{"line":71,"column":78}},"25":{"start":{"line":76,"column":4},"end":{"line":76,"column":19}},"26":{"start":{"line":79,"column":22},"end":{"line":93,"column":1}},"27":{"start":{"line":81,"column":4},"end":{"line":92,"column":7}},"28":{"start":{"line":82,"column":8},"end":{"line":91,"column":null}},"29":{"start":{"line":88,"column":12},"end":{"line":88,"column":48}},"30":{"start":{"line":90,"column":12},"end":{"line":90,"column":25}},"31":{"start":{"line":95,"column":22},"end":{"line":108,"column":1}},"32":{"start":{"line":96,"column":40},"end":{"line":96,"column":42}},"33":{"start":{"line":98,"column":4},"end":{"line":105,"column":null}},"34":{"start":{"line":99,"column":8},"end":{"line":104,"column":null}},"35":{"start":{"line":100,"column":25},"end":{"line":100,"column":43}},"36":{"start":{"line":101,"column":28},"end":{"line":101,"column":52}},"37":{"start":{"line":103,"column":12},"end":{"line":103,"column":63}},"38":{"start":{"line":107,"column":4},"end":{"line":107,"column":20}},"39":{"start":{"line":113,"column":4},"end":{"line":118,"column":17}},"40":{"start":{"line":121,"column":27},"end":{"line":135,"column":1}},"41":{"start":{"line":125,"column":27},"end":{"line":125,"column":55}},"42":{"start":{"line":126,"column":24},"end":{"line":129,"column":6}},"43":{"start":{"line":131,"column":4},"end":{"line":134,"column":6}},"44":{"start":{"line":121,"column":13},"end":{"line":121,"column":27}}},"fnMap":{"0":{"name":"(anonymous_1)","decl":{"start":{"line":11,"column":28},"end":{"line":11,"column":29}},"loc":{"start":{"line":11,"column":47},"end":{"line":13,"column":1}}},"1":{"name":"(anonymous_2)","decl":{"start":{"line":43,"column":29},"end":{"line":43,"column":30}},"loc":{"start":{"line":43,"column":81},"end":{"line":63,"column":1}}},"2":{"name":"(anonymous_3)","decl":{"start":{"line":51,"column":26},"end":{"line":51,"column":27}},"loc":{"start":{"line":51,"column":37},"end":{"line":58,"column":13}}},"3":{"name":"(anonymous_4)","decl":{"start":{"line":65,"column":20},"end":{"line":65,"column":21}},"loc":{"start":{"line":65,"column":46},"end":{"line":77,"column":1}}},"4":{"name":"(anonymous_5)","decl":{"start":{"line":70,"column":27},"end":{"line":70,"column":28}},"loc":{"start":{"line":70,"column":94},"end":{"line":72,"column":13}}},"5":{"name":"(anonymous_6)","decl":{"start":{"line":79,"column":22},"end":{"line":79,"column":23}},"loc":{"start":{"line":79,"column":72},"end":{"line":93,"column":1}}},"6":{"name":"(anonymous_7)","decl":{"start":{"line":81,"column":19},"end":{"line":81,"column":20}},"loc":{"start":{"line":81,"column":63},"end":{"line":92,"column":5}}},"7":{"name":"(anonymous_8)","decl":{"start":{"line":95,"column":22},"end":{"line":95,"column":23}},"loc":{"start":{"line":95,"column":55},"end":{"line":108,"column":1}}},"8":{"name":"(anonymous_9)","decl":{"start":{"line":121,"column":27},"end":{"line":121,"column":null}},"loc":{"start":{"line":124,"column":11},"end":{"line":135,"column":1}}}},"branchMap":{"0":{"loc":{"start":{"line":47,"column":8},"end":{"line":59,"column":null}},"type":"if","locations":[{"start":{"line":47,"column":8},"end":{"line":59,"column":null}},{"start":{"line":47,"column":8},"end":{"line":59,"column":null}}]},"1":{"loc":{"start":{"line":69,"column":8},"end":{"line":73,"column":null}},"type":"if","locations":[{"start":{"line":69,"column":8},"end":{"line":73,"column":null}},{"start":{"line":69,"column":8},"end":{"line":73,"column":null}}]},"2":{"loc":{"start":{"line":71,"column":25},"end":{"line":71,"column":47}},"type":"cond-expr","locations":[{"start":{"line":71,"column":25},"end":{"line":71,"column":47}},{"start":{"line":71,"column":51},"end":{"line":71,"column":76}}]},"3":{"loc":{"start":{"line":81,"column":28},"end":{"line":81,"column":40}},"type":"default-arg","locations":[{"start":{"line":81,"column":28},"end":{"line":81,"column":40}}]},"4":{"loc":{"start":{"line":82,"column":8},"end":{"line":91,"column":null}},"type":"if","locations":[{"start":{"line":82,"column":8},"end":{"line":91,"column":null}},{"start":{"line":82,"column":8},"end":{"line":91,"column":null}}]},"5":{"loc":{"start":{"line":99,"column":8},"end":{"line":104,"column":null}},"type":"if","locations":[{"start":{"line":99,"column":8},"end":{"line":104,"column":null}},{"start":{"line":99,"column":8},"end":{"line":104,"column":null}}]},"6":{"loc":{"start":{"line":115,"column":10},"end":{"line":117,"column":12}},"type":"cond-expr","locations":[{"start":{"line":115,"column":10},"end":{"line":117,"column":12}},{"start":{"line":118,"column":10},"end":{"line":118,"column":17}}]},"7":{"loc":{"start":{"line":113,"column":4},"end":{"line":113,"column":41}},"type":"binary-expr","locations":[{"start":{"line":113,"column":4},"end":{"line":113,"column":41}},{"start":{"line":113,"column":45},"end":{"line":113,"column":88}}]},"8":{"loc":{"start":{"line":123,"column":33},"end":{"line":123,"column":35}},"type":"default-arg","locations":[{"start":{"line":123,"column":33},"end":{"line":123,"column":35}}]}},"s":{"0":1,"1":1,"2":1,"3":1,"4":1,"5":0,"6":1,"7":1,"8":0,"9":0,"10":0,"11":0,"12":0,"13":0,"14":0,"15":0,"16":0,"17":0,"18":1,"19":1,"20":0,"21":0,"22":0,"23":0,"24":0,"25":0,"26":1,"27":0,"28":0,"29":0,"30":0,"31":1,"32":0,"33":0,"34":0,"35":0,"36":0,"37":0,"38":0,"39":1,"40":1,"41":0,"42":0,"43":0,"44":1},"f":{"0":0,"1":0,"2":0,"3":0,"4":0,"5":0,"6":0,"7":0,"8":0},"b":{"0":[0,0],"1":[0,0],"2":[0,0],"3":[0],"4":[0,0],"5":[0,0],"6":[0,1],"7":[1,1],"8":[0]}}
,"/Users/wangbinlin/Project/daily_exercise/du-cli/packages/launcher/src/store/promiseMiddleware.ts": {"path":"/Users/wangbinlin/Project/daily_exercise/du-cli/packages/launcher/src/store/promiseMiddleware.ts","statementMap":{"0":{"start":{"line":1,"column":0},"end":{"line":1,"column":35}},"1":{"start":{"line":2,"column":0},"end":{"line":2,"column":44}},"2":{"start":{"line":7,"column":4},"end":{"line":20,"column":10}},"3":{"start":{"line":8,"column":8},"end":{"line":20,"column":9}},"4":{"start":{"line":9,"column":12},"end":{"line":11,"column":null}},"5":{"start":{"line":10,"column":16},"end":{"line":10,"column":80}},"6":{"start":{"line":13,"column":12},"end":{"line":19,"column":31}},"7":{"start":{"line":15,"column":49},"end":{"line":15,"column":89}},"8":{"start":{"line":17,"column":26},"end":{"line":17,"column":79}},"9":{"start":{"line":6,"column":0},"end":{"line":6,"column":24}}},"fnMap":{"0":{"name":"promiseMiddleware","decl":{"start":{"line":6,"column":24},"end":{"line":6,"column":41}},"loc":{"start":{"line":6,"column":69},"end":{"line":21,"column":1}}},"1":{"name":"(anonymous_2)","decl":{"start":{"line":7,"column":11},"end":{"line":7,"column":12}},"loc":{"start":{"line":8,"column":8},"end":{"line":20,"column":9}}},"2":{"name":"(anonymous_3)","decl":{"start":{"line":8,"column":8},"end":{"line":8,"column":9}},"loc":{"start":{"line":8,"column":39},"end":{"line":20,"column":9}}},"3":{"name":"(anonymous_4)","decl":{"start":{"line":15,"column":28},"end":{"line":15,"column":29}},"loc":{"start":{"line":15,"column":49},"end":{"line":15,"column":89}}},"4":{"name":"(anonymous_5)","decl":{"start":{"line":16,"column":29},"end":{"line":16,"column":30}},"loc":{"start":{"line":16,"column":48},"end":{"line":18,"column":23}}}},"branchMap":{"0":{"loc":{"start":{"line":9,"column":12},"end":{"line":11,"column":null}},"type":"if","locations":[{"start":{"line":9,"column":12},"end":{"line":11,"column":null}},{"start":{"line":9,"column":12},"end":{"line":11,"column":null}}]},"1":{"loc":{"start":{"line":10,"column":43},"end":{"line":10,"column":64}},"type":"cond-expr","locations":[{"start":{"line":10,"column":43},"end":{"line":10,"column":64}},{"start":{"line":10,"column":67},"end":{"line":10,"column":79}}]},"2":{"loc":{"start":{"line":14,"column":18},"end":{"line":18,"column":24}},"type":"cond-expr","locations":[{"start":{"line":14,"column":18},"end":{"line":18,"column":24}},{"start":{"line":19,"column":18},"end":{"line":19,"column":30}}]}},"s":{"0":1,"1":1,"2":0,"3":0,"4":0,"5":0,"6":0,"7":0,"8":0,"9":1},"f":{"0":0,"1":0,"2":0,"3":0,"4":0},"b":{"0":[0,0],"1":[0,0],"2":[0,0]}}
,"/Users/wangbinlin/Project/daily_exercise/du-cli/packages/launcher/src/utils/globalEnv.ts": {"path":"/Users/wangbinlin/Project/daily_exercise/du-cli/packages/launcher/src/utils/globalEnv.ts","statementMap":{"0":{"start":{"line":3,"column":29},"end":{"line":16,"column":2}},"1":{"start":{"line":7,"column":8},"end":{"line":7,"column":50}},"2":{"start":{"line":13,"column":8},"end":{"line":13,"column":47}},"3":{"start":{"line":19,"column":9},"end":{"line":19,"column":29}}},"fnMap":{"0":{"name":"(anonymous_0)","decl":{"start":{"line":4,"column":4},"end":{"line":4,"column":7}},"loc":{"start":{"line":4,"column":7},"end":{"line":9,"column":5}}},"1":{"name":"(anonymous_1)","decl":{"start":{"line":10,"column":4},"end":{"line":10,"column":7}},"loc":{"start":{"line":10,"column":16},"end":{"line":15,"column":5}}}},"branchMap":{},"s":{"0":1,"1":0,"2":0,"3":1},"f":{"0":0,"1":0},"b":{}}
,"/Users/wangbinlin/Project/daily_exercise/du-cli/packages/launcher/src/utils/isFSA.ts": {"path":"/Users/wangbinlin/Project/daily_exercise/du-cli/packages/launcher/src/utils/isFSA.ts","statementMap":{"0":{"start":{"line":1,"column":0},"end":{"line":1,"column":44}},"1":{"start":{"line":2,"column":0},"end":{"line":2,"column":36}},"2":{"start":{"line":6,"column":4},"end":{"line":6,"column":88}},"3":{"start":{"line":9,"column":4},"end":{"line":9,"column":99}},"4":{"start":{"line":8,"column":0},"end":{"line":8,"column":24}}},"fnMap":{"0":{"name":"isValidKey","decl":{"start":{"line":5,"column":9},"end":{"line":5,"column":19}},"loc":{"start":{"line":5,"column":31},"end":{"line":7,"column":1}}},"1":{"name":"isFSA","decl":{"start":{"line":8,"column":24},"end":{"line":8,"column":29}},"loc":{"start":{"line":8,"column":47},"end":{"line":10,"column":1}}}},"branchMap":{"0":{"loc":{"start":{"line":9,"column":11},"end":{"line":9,"column":32}},"type":"binary-expr","locations":[{"start":{"line":9,"column":11},"end":{"line":9,"column":32}},{"start":{"line":9,"column":36},"end":{"line":9,"column":57}},{"start":{"line":9,"column":61},"end":{"line":9,"column":98}}]}},"s":{"0":1,"1":1,"2":0,"3":0,"4":1},"f":{"0":0,"1":0},"b":{"0":[0,0,0]}}
,"/Users/wangbinlin/Project/daily_exercise/du-cli/packages/launcher/src/utils/isPlainObject.ts": {"path":"/Users/wangbinlin/Project/daily_exercise/du-cli/packages/launcher/src/utils/isPlainObject.ts","statementMap":{"0":{"start":{"line":6,"column":4},"end":{"line":8,"column":null}},"1":{"start":{"line":7,"column":8},"end":{"line":7,"column":21}},"2":{"start":{"line":10,"column":18},"end":{"line":10,"column":44}},"3":{"start":{"line":12,"column":4},"end":{"line":14,"column":null}},"4":{"start":{"line":13,"column":8},"end":{"line":13,"column":20}},"5":{"start":{"line":16,"column":20},"end":{"line":16,"column":25}},"6":{"start":{"line":18,"column":4},"end":{"line":20,"column":null}},"7":{"start":{"line":19,"column":8},"end":{"line":19,"column":53}},"8":{"start":{"line":22,"column":4},"end":{"line":22,"column":31}},"9":{"start":{"line":5,"column":0},"end":{"line":5,"column":24}}},"fnMap":{"0":{"name":"isPlainObject","decl":{"start":{"line":5,"column":24},"end":{"line":5,"column":37}},"loc":{"start":{"line":5,"column":50},"end":{"line":23,"column":1}}}},"branchMap":{"0":{"loc":{"start":{"line":6,"column":4},"end":{"line":8,"column":null}},"type":"if","locations":[{"start":{"line":6,"column":4},"end":{"line":8,"column":null}},{"start":{"line":6,"column":4},"end":{"line":8,"column":null}}]},"1":{"loc":{"start":{"line":6,"column":8},"end":{"line":6,"column":31}},"type":"binary-expr","locations":[{"start":{"line":6,"column":8},"end":{"line":6,"column":31}},{"start":{"line":6,"column":35},"end":{"line":6,"column":47}}]},"2":{"loc":{"start":{"line":12,"column":4},"end":{"line":14,"column":null}},"type":"if","locations":[{"start":{"line":12,"column":4},"end":{"line":14,"column":null}},{"start":{"line":12,"column":4},"end":{"line":14,"column":null}}]}},"s":{"0":0,"1":0,"2":0,"3":0,"4":0,"5":0,"6":0,"7":0,"8":0,"9":1},"f":{"0":0},"b":{"0":[0,0],"1":[0,0],"2":[0,0]}}
,"/Users/wangbinlin/Project/daily_exercise/du-cli/packages/launcher/src/utils/isType.ts": {"path":"/Users/wangbinlin/Project/daily_exercise/du-cli/packages/launcher/src/utils/isType.ts","statementMap":{"0":{"start":{"line":1,"column":0},"end":{"line":1,"column":7}},"1":{"start":{"line":3,"column":9},"end":{"line":1,"column":29}},"2":{"start":{"line":5,"column":24},"end":{"line":7,"column":1}},"3":{"start":{"line":6,"column":4},"end":{"line":6,"column":34}},"4":{"start":{"line":5,"column":13},"end":{"line":5,"column":24}},"5":{"start":{"line":9,"column":25},"end":{"line":11,"column":1}},"6":{"start":{"line":10,"column":4},"end":{"line":10,"column":35}},"7":{"start":{"line":9,"column":13},"end":{"line":9,"column":25}}},"fnMap":{"0":{"name":"(anonymous_1)","decl":{"start":{"line":5,"column":24},"end":{"line":5,"column":25}},"loc":{"start":{"line":5,"column":48},"end":{"line":7,"column":1}}},"1":{"name":"(anonymous_2)","decl":{"start":{"line":9,"column":25},"end":{"line":9,"column":26}},"loc":{"start":{"line":9,"column":49},"end":{"line":11,"column":1}}}},"branchMap":{},"s":{"0":1,"1":1,"2":1,"3":0,"4":1,"5":1,"6":0,"7":1},"f":{"0":0,"1":0},"b":{}}
}
