TN:
SF:src/app.tsx
FN:58,(anonymous_7)
FN:62,(anonymous_8)
FN:97,(anonymous_9)
FNF:3
FNH:3
FNDA:2,(anonymous_7)
FNDA:2,(anonymous_8)
FNDA:2,(anonymous_9)
DA:1,1
DA:2,1
DA:4,1
DA:5,1
DA:55,1
DA:59,2
DA:72,2
DA:74,2
DA:76,2
DA:77,2
DA:78,2
DA:79,0
DA:82,2
DA:85,2
DA:98,2
LF:15
LH:14
BRDA:70,0,0,2
BRDA:76,1,0,2
BRDA:76,1,1,0
BRDA:76,2,0,2
BRDA:76,2,1,2
BRDA:76,2,2,2
BRDA:78,3,0,0
BRDA:78,3,1,2
BRF:8
BRH:6
end_of_record
TN:
SF:src/index.ts
FN:1,(anonymous_5)
FN:2,(anonymous_6)
FNF:2
FNH:2
FNDA:2,(anonymous_5)
FNDA:2,(anonymous_6)
DA:1,3
DA:2,3
DA:3,1
DA:4,1
DA:5,1
DA:6,1
DA:7,1
DA:8,1
LF:8
LH:8
BRF:0
BRH:0
end_of_record
TN:
SF:src/wrapperInit.tsx
FN:45,pluginsRegistry
FN:59,(anonymous_2)
FN:66,(anonymous_3)
FN:84,(anonymous_4)
FN:87,(anonymous_5)
FN:95,(anonymous_6)
FN:104,(anonymous_7)
FNF:7
FNH:7
FNDA:2,pluginsRegistry
FNDA:4,(anonymous_2)
FNDA:6,(anonymous_3)
FNDA:2,(anonymous_4)
FNDA:2,(anonymous_5)
FNDA:2,(anonymous_6)
FNDA:2,(anonymous_7)
DA:1,1
DA:2,1
DA:3,1
DA:41,1
DA:43,1
DA:45,1
DA:46,2
DA:47,2
DA:49,2
DA:50,2
DA:52,2
DA:53,1
DA:55,2
DA:56,2
DA:59,1
DA:64,4
DA:66,4
DA:67,6
DA:68,6
DA:70,6
DA:71,3
DA:73,3
DA:76,0
DA:81,4
DA:84,1
DA:85,2
DA:87,1
DA:88,2
DA:89,2
DA:91,2
DA:92,0
DA:95,2
DA:96,2
DA:101,2
DA:104,1
DA:110,2
DA:111,2
DA:113,2
DA:114,2
DA:117,0
DA:120,1
LF:41
LH:38
BRDA:46,0,0,1
BRDA:52,1,0,1
BRDA:52,1,1,1
BRDA:55,2,0,2
BRDA:55,2,1,0
BRDA:70,3,0,3
BRDA:70,3,1,3
BRDA:71,4,0,3
BRDA:71,4,1,0
BRDA:88,5,0,0
BRDA:88,5,1,2
BRDA:91,6,0,0
BRDA:91,6,1,2
BRDA:113,7,0,2
BRDA:113,7,1,0
BRF:15
BRH:10
end_of_record
TN:
SF:src/hooks/index.ts
FNF:0
FNH:0
DA:1,1
DA:2,1
DA:4,1
LF:3
LH:3
BRF:0
BRH:0
end_of_record
TN:
SF:src/hooks/use-query.ts
FN:8,(anonymous_1)
FN:13,useQuery
FN:16,(anonymous_3)
FNF:3
FNH:0
FNDA:0,(anonymous_1)
FNDA:0,useQuery
FNDA:0,(anonymous_3)
DA:1,1
DA:2,1
DA:4,1
DA:8,1
DA:10,0
DA:14,0
DA:16,0
DA:19,1
LF:8
LH:5
BRDA:10,0,0,0
BRDA:10,0,1,0
BRDA:10,1,0,0
BRDA:10,1,1,0
BRF:4
BRH:0
end_of_record
TN:
SF:src/hooks/use-router.ts
FN:11,useRouter
FN:15,(anonymous_1)
FN:24,(anonymous_2)
FN:34,(anonymous_3)
FNF:4
FNH:0
FNDA:0,useRouter
FNDA:0,(anonymous_1)
FNDA:0,(anonymous_2)
FNDA:0,(anonymous_3)
DA:1,1
DA:2,1
DA:12,0
DA:14,0
DA:16,0
DA:23,0
DA:25,0
DA:33,0
DA:34,0
DA:42,1
LF:10
LH:3
BRF:0
BRH:0
end_of_record
TN:
SF:src/router/loading.tsx
FN:1,RouterLoading
FNF:1
FNH:0
FNDA:0,RouterLoading
DA:2,0
DA:5,1
LF:2
LH:1
BRF:0
BRH:0
end_of_record
TN:
SF:src/router/render-routers.tsx
FN:12,(anonymous_1)
FN:20,(anonymous_2)
FN:54,(anonymous_3)
FNF:3
FNH:3
FNDA:4,(anonymous_1)
FNDA:2,(anonymous_2)
FNDA:2,(anonymous_3)
DA:2,1
DA:3,1
DA:4,1
DA:5,1
DA:12,1
DA:16,4
DA:17,2
DA:20,2
DA:21,2
DA:24,2
DA:25,0
DA:28,0
DA:30,2
DA:32,2
DA:33,0
DA:38,2
DA:40,2
DA:44,2
DA:47,2
DA:54,1
DA:58,2
DA:65,1
LF:22
LH:19
BRDA:16,0,0,2
BRDA:16,0,1,2
BRDA:24,1,0,0
BRDA:24,1,1,2
BRDA:24,2,0,2
BRDA:24,2,1,0
BRDA:32,3,0,0
BRDA:32,3,1,2
BRF:8
BRH:5
end_of_record
TN:
SF:src/router/wrapper-route.tsx
FN:8,WrapperRoute
FN:13,(anonymous_1)
FNF:2
FNH:2
FNDA:2,WrapperRoute
FNDA:2,(anonymous_1)
DA:1,1
DA:2,1
DA:9,2
DA:10,2
DA:11,2
DA:13,2
DA:14,2
DA:15,0
DA:17,2
DA:18,0
DA:22,2
DA:25,1
LF:12
LH:10
BRDA:14,0,0,0
BRDA:14,0,1,2
BRDA:17,1,0,0
BRDA:17,1,1,2
BRDA:17,2,0,2
BRDA:17,2,1,2
BRF:6
BRH:4
end_of_record
TN:
SF:src/store/index.ts
FN:11,(anonymous_1)
FN:43,(anonymous_2)
FN:51,(anonymous_3)
FN:65,(anonymous_4)
FN:70,(anonymous_5)
FN:79,(anonymous_6)
FN:81,(anonymous_7)
FN:95,(anonymous_8)
FN:121,(anonymous_9)
FNF:9
FNH:9
FNDA:2,(anonymous_1)
FNDA:2,(anonymous_2)
FNDA:2,(anonymous_3)
FNDA:2,(anonymous_4)
FNDA:2,(anonymous_5)
FNDA:2,(anonymous_6)
FNDA:8,(anonymous_7)
FNDA:2,(anonymous_8)
FNDA:2,(anonymous_9)
DA:1,1
DA:2,1
DA:3,1
DA:4,1
DA:11,1
DA:12,2
DA:43,1
DA:44,2
DA:46,2
DA:47,2
DA:48,2
DA:51,2
DA:52,2
DA:53,2
DA:55,2
DA:57,2
DA:62,2
DA:65,1
DA:66,2
DA:68,2
DA:69,2
DA:70,2
DA:71,2
DA:76,2
DA:79,1
DA:81,2
DA:82,8
DA:88,2
DA:90,6
DA:95,1
DA:96,2
DA:98,2
DA:99,2
DA:100,2
DA:101,2
DA:103,2
DA:107,2
DA:113,1
DA:121,1
DA:126,2
DA:127,2
DA:132,2
LF:42
LH:42
BRDA:47,0,0,2
BRDA:47,0,1,0
BRDA:69,1,0,2
BRDA:69,1,1,0
BRDA:71,2,0,0
BRDA:71,2,1,2
BRDA:81,3,0,6
BRDA:82,4,0,2
BRDA:82,4,1,6
BRDA:99,5,0,2
BRDA:99,5,1,0
BRDA:115,6,0,0
BRDA:115,6,1,1
BRDA:113,7,0,1
BRDA:113,7,1,1
BRDA:123,8,0,2
BRDA:124,9,0,2
BRF:17
BRH:12
end_of_record
TN:
SF:src/store/promiseMiddleware.ts
FN:6,promiseMiddleware
FN:7,(anonymous_2)
FN:8,(anonymous_3)
FN:15,(anonymous_4)
FN:16,(anonymous_5)
FNF:5
FNH:3
FNDA:2,promiseMiddleware
FNDA:2,(anonymous_2)
FNDA:2,(anonymous_3)
FNDA:0,(anonymous_4)
FNDA:0,(anonymous_5)
DA:1,1
DA:2,1
DA:6,1
DA:7,2
DA:8,2
DA:9,2
DA:10,0
DA:13,2
DA:15,0
DA:17,0
LF:10
LH:7
BRDA:9,0,0,0
BRDA:9,0,1,2
BRDA:10,1,0,0
BRDA:10,1,1,0
BRDA:14,2,0,0
BRDA:14,2,1,2
BRF:6
BRH:2
end_of_record
TN:
SF:src/utils/isFSA.ts
FN:5,isValidKey
FN:8,isFSA
FNF:2
FNH:2
FNDA:8,isValidKey
FNDA:2,isFSA
DA:1,1
DA:2,1
DA:6,8
DA:8,1
DA:9,2
LF:5
LH:5
BRDA:9,0,0,2
BRDA:9,0,1,2
BRDA:9,0,2,2
BRF:3
BRH:3
end_of_record
TN:
SF:src/utils/isPlainObject.ts
FN:5,isPlainObject
FNF:1
FNH:1
FNDA:2,isPlainObject
DA:5,1
DA:6,2
DA:7,0
DA:10,2
DA:12,2
DA:13,0
DA:16,2
DA:18,2
DA:19,0
DA:22,2
LF:10
LH:7
BRDA:6,0,0,0
BRDA:6,0,1,2
BRDA:6,1,0,2
BRDA:6,1,1,2
BRDA:12,2,0,0
BRDA:12,2,1,2
BRF:6
BRH:4
end_of_record
TN:
SF:src/utils/isType.ts
FN:5,(anonymous_1)
FN:9,(anonymous_2)
FNF:2
FNH:2
FNDA:2,(anonymous_1)
FNDA:2,(anonymous_2)
DA:1,1
DA:3,1
DA:5,1
DA:6,2
DA:9,1
DA:10,2
LF:6
LH:6
BRF:0
BRH:0
end_of_record
